Performing C SOURCE FILE Test CMAKE_HAVE_LIBC_PTHREAD failed with the following output:
Change Dir: /media/mostafahaggag/0E22BAB022BA9BE1/torrentfinal/UDACITY_C++_course/FInalProject/CppND-Route-Planning-Project/build/CMakeFiles/CMakeTmp

Run Build Command(s):/usr/bin/make cmTC_0db0f/fast && /usr/bin/make  -f CMakeFiles/cmTC_0db0f.dir/build.make CMakeFiles/cmTC_0db0f.dir/build
make[1]: Entering directory '/media/mostafahaggag/0E22BAB022BA9BE1/torrentfinal/UDACITY_C++_course/FInalProject/CppND-Route-Planning-Project/build/CMakeFiles/CMakeTmp'
Building C object CMakeFiles/cmTC_0db0f.dir/src.c.o
/usr/bin/cc   -DCMAKE_HAVE_LIBC_PTHREAD   -o CMakeFiles/cmTC_0db0f.dir/src.c.o   -c /media/mostafahaggag/0E22BAB022BA9BE1/torrentfinal/UDACITY_C++_course/FInalProject/CppND-Route-Planning-Project/build/CMakeFiles/CMakeTmp/src.c
Linking C executable cmTC_0db0f
/usr/local/bin/cmake -E cmake_link_script CMakeFiles/cmTC_0db0f.dir/link.txt --verbose=1
/usr/bin/cc  -DCMAKE_HAVE_LIBC_PTHREAD    -rdynamic CMakeFiles/cmTC_0db0f.dir/src.c.o  -o cmTC_0db0f 
CMakeFiles/cmTC_0db0f.dir/src.c.o: In function `main':
src.c:(.text+0x3c): undefined reference to `pthread_create'
src.c:(.text+0x48): undefined reference to `pthread_detach'
src.c:(.text+0x54): undefined reference to `pthread_cancel'
src.c:(.text+0x65): undefined reference to `pthread_join'
src.c:(.text+0x79): undefined reference to `pthread_atfork'
collect2: error: ld returned 1 exit status
CMakeFiles/cmTC_0db0f.dir/build.make:106: recipe for target 'cmTC_0db0f' failed
make[1]: *** [cmTC_0db0f] Error 1
make[1]: Leaving directory '/media/mostafahaggag/0E22BAB022BA9BE1/torrentfinal/UDACITY_C++_course/FInalProject/CppND-Route-Planning-Project/build/CMakeFiles/CMakeTmp'
Makefile:141: recipe for target 'cmTC_0db0f/fast' failed
make: *** [cmTC_0db0f/fast] Error 2


Source file was:
#include <pthread.h>

void* test_func(void* data)
{
  return data;
}

int main(void)
{
  pthread_t thread;
  pthread_create(&thread, NULL, test_func, NULL);
  pthread_detach(thread);
  pthread_cancel(thread);
  pthread_join(thread, NULL);
  pthread_atfork(NULL, NULL, NULL);
  pthread_exit(NULL);

  return 0;
}

Determining if the function pthread_create exists in the pthreads failed with the following output:
Change Dir: /media/mostafahaggag/0E22BAB022BA9BE1/torrentfinal/UDACITY_C++_course/FInalProject/CppND-Route-Planning-Project/build/CMakeFiles/CMakeTmp

Run Build Command(s):/usr/bin/make cmTC_ecbee/fast && /usr/bin/make  -f CMakeFiles/cmTC_ecbee.dir/build.make CMakeFiles/cmTC_ecbee.dir/build
make[1]: Entering directory '/media/mostafahaggag/0E22BAB022BA9BE1/torrentfinal/UDACITY_C++_course/FInalProject/CppND-Route-Planning-Project/build/CMakeFiles/CMakeTmp'
Building C object CMakeFiles/cmTC_ecbee.dir/CheckFunctionExists.c.o
/usr/bin/cc   -DCHECK_FUNCTION_EXISTS=pthread_create   -o CMakeFiles/cmTC_ecbee.dir/CheckFunctionExists.c.o   -c /usr/local/share/cmake-3.17/Modules/CheckFunctionExists.c
Linking C executable cmTC_ecbee
/usr/local/bin/cmake -E cmake_link_script CMakeFiles/cmTC_ecbee.dir/link.txt --verbose=1
/usr/bin/cc  -DCHECK_FUNCTION_EXISTS=pthread_create    -rdynamic CMakeFiles/cmTC_ecbee.dir/CheckFunctionExists.c.o  -o cmTC_ecbee  -lpthreads 
/usr/bin/ld: cannot find -lpthreads
collect2: error: ld returned 1 exit status
CMakeFiles/cmTC_ecbee.dir/build.make:106: recipe for target 'cmTC_ecbee' failed
make[1]: *** [cmTC_ecbee] Error 1
make[1]: Leaving directory '/media/mostafahaggag/0E22BAB022BA9BE1/torrentfinal/UDACITY_C++_course/FInalProject/CppND-Route-Planning-Project/build/CMakeFiles/CMakeTmp'
Makefile:141: recipe for target 'cmTC_ecbee/fast' failed
make: *** [cmTC_ecbee/fast] Error 2



